<?xml version="1.0" encoding="UTF-8"?>
<!-- Generated by org.testng.reporters.JUnitReportReporter -->
<testsuite hostname="LAPTOP-V9H7QGUS" failures="0" tests="3" name="com.Prroject.baseclass.ScreenshotTest" time="7.503" errors="0" timestamp="2023-11-08T21:56:06 IST" skipped="0">
  <testcase classname="com.Prroject.baseclass.ScreenshotTest" name="takescreenshot1" time="2.367"/>
  <system-out/>
  <testcase classname="com.Prroject.baseclass.ScreenshotTest" name="takescreenshot2" time="2.745"/>
  <system-out/>
  <testcase classname="com.Prroject.baseclass.ScreenshotTest" name="takescreenshot3" time="2.391"/>
  <system-out/>
</testsuite> <!-- com.Prroject.baseclass.ScreenshotTest -->
